Using pre-set license
Built from '2020.2/staging' branch; Version is '2020.2.3f1 (8ff31bc5bf5b) revision 9433883'; Using compiler version '192528614'; Build Type 'Release'
OS: 'Windows 10 Home; OS build 19042.1288; Version 2009; 64bit' Language: 'en' Physical Memory: 16343 MB
BatchMode: 1, IsHumanControllingUs: 0, StartBugReporterOnCrash: 0, Is64bit: 1, IsPro: 0

 COMMAND LINE ARGUMENTS:
C:\Program Files\Unity\Hub\Editor\2020.2.3f1\Editor\Unity.exe
-adb2
-batchMode
-noUpm
-name
AssetImportWorker0
-projectPath
C:/Users/Owner/Desktop/Unity Projects/Projects/Mastermind
-logFile
Logs/AssetImportWorker0.log
-srvPort
58733
Successfully changed project path to: C:/Users/Owner/Desktop/Unity Projects/Projects/Mastermind
C:/Users/Owner/Desktop/Unity Projects/Projects/Mastermind
Using Asset Import Pipeline V2.
Refreshing native plugins compatible for Editor in 30.52 ms, found 0 plugins.
Preloading 0 native plugins for Editor in 0.00 ms.
Initialize engine version: 2020.2.3f1 (8ff31bc5bf5b)
[Subsystems] Discovering subsystems at path C:/Program Files/Unity/Hub/Editor/2020.2.3f1/Editor/Data/Resources/UnitySubsystems
[Subsystems] Discovering subsystems at path C:/Users/Owner/Desktop/Unity Projects/Projects/Mastermind/Assets
GfxDevice: creating device client; threaded=0
Direct3D:
    Version:  Direct3D 11.0 [level 11.1]
    Renderer: NVIDIA GeForce GTX 1080 (ID=0x1b80)
    Vendor:   
    VRAM:     8079 MB
    Driver:   30.0.14.7212
Initialize mono
Mono path[0] = 'C:/Program Files/Unity/Hub/Editor/2020.2.3f1/Editor/Data/Managed'
Mono path[1] = 'C:/Program Files/Unity/Hub/Editor/2020.2.3f1/Editor/Data/MonoBleedingEdge/lib/mono/unityjit'
Mono config path = 'C:/Program Files/Unity/Hub/Editor/2020.2.3f1/Editor/Data/MonoBleedingEdge/etc'
Using monoOptions --debugger-agent=transport=dt_socket,embedding=1,server=y,suspend=n,address=127.0.0.1:56640
Begin MonoManager ReloadAssembly
Registering precompiled unity dll's ...
Register platform support module: C:/Program Files/Unity/Hub/Editor/2020.2.3f1/Editor/Data/PlaybackEngines/WindowsStandaloneSupport/UnityEditor.WindowsStandalone.Extensions.dll
Registered in 0.001772 seconds.
Native extension for WindowsStandalone target not found
Refreshing native plugins compatible for Editor in 29.66 ms, found 0 plugins.
Preloading 0 native plugins for Editor in 0.00 ms.
Invoked RoslynAnalysisRunner static constructor.
RoslynAnalysisRunner will not be running.
RoslynAnalysisRunner has terminated.
Mono: successfully reloaded assembly
- Completed reload, in  0.906 seconds
Platform modules already initialized, skipping
Registering precompiled user dll's ...
Registered in 0.000706 seconds.
Begin MonoManager ReloadAssembly
Native extension for WindowsStandalone target not found
Refreshing native plugins compatible for Editor in 0.28 ms, found 0 plugins.
Preloading 0 native plugins for Editor in 0.00 ms.
Invoked RoslynAnalysisRunner static constructor.
RoslynAnalysisRunner will not be running.
RoslynAnalysisRunner has terminated.
Mono: successfully reloaded assembly
- Completed reload, in  0.776 seconds
Platform modules already initialized, skipping
========================================================================
Worker process is ready to serve import requests
Launched and connected shader compiler UnityShaderCompiler.exe after 0.04 seconds
Refreshing native plugins compatible for Editor in 0.28 ms, found 0 plugins.
Preloading 0 native plugins for Editor in 0.00 ms.
Unloading 1692 Unused Serialized files (Serialized files now loaded: 0)
System memory in use before: 87.0 MB.
System memory in use after: 87.1 MB.

Unloading 73 unused Assets to reduce memory usage. Loaded Objects now: 2134.
Total: 3.615200 ms (FindLiveObjects: 0.340700 ms CreateObjectMapping: 0.624700 ms MarkObjects: 2.338100 ms  DeleteObjects: 0.310600 ms)

========================================================================
Received Import Request.
  path: Assets/Animations/Animators/Main Camera.controller
  artifactKey: Guid(a550a4ae8c1e0a64b9263ada89216873) Importer(815301076,1909f56bfc062723c751e8b465ee728b)
Start importing Assets/Animations/Animators/Main Camera.controller using Guid(a550a4ae8c1e0a64b9263ada89216873) Importer(815301076,1909f56bfc062723c751e8b465ee728b)  -> (artifact id: '5214c23d11cda71040d2be3d862fe927') in 0.042567 seconds
  Import took 0.045232 seconds .

========================================================================
Received Import Request.
  Time since last request: 696.683201 seconds.
  path: Assets/Scripts/Board/BoardManager.cs
  artifactKey: Guid(82aec5bb9cb9613489ff91eb24e2cd1e) Importer(815301076,1909f56bfc062723c751e8b465ee728b)
Start importing Assets/Scripts/Board/BoardManager.cs using Guid(82aec5bb9cb9613489ff91eb24e2cd1e) Importer(815301076,1909f56bfc062723c751e8b465ee728b)  -> (artifact id: 'b321e035374297610c29ce668c72540a') in 0.011088 seconds
  Import took 0.013893 seconds .

========================================================================
Received Prepare
Registering precompiled user dll's ...
Registered in 0.001010 seconds.
Begin MonoManager ReloadAssembly
Native extension for WindowsStandalone target not found
Refreshing native plugins compatible for Editor in 0.44 ms, found 0 plugins.
Preloading 0 native plugins for Editor in 0.00 ms.
Warning: Annotation not found!
UnityEngine.StackTraceUtility:ExtractStackTrace ()
UnityEditor.ProBuilder.EditorUtility:SetGizmoIconEnabled (System.Type,bool) (at Library/PackageCache/com.unity.probuilder@4.4.0/Editor/EditorCore/EditorUtility.cs:593)
UnityEditor.ProBuilder.HierarchyListener:.cctor () (at Library/PackageCache/com.unity.probuilder@4.4.0/Editor/EditorCore/HierarchyListener.cs:21)
System.Runtime.CompilerServices.RuntimeHelpers:RunClassConstructor (System.RuntimeTypeHandle)
UnityEditor.EditorAssemblies:ProcessInitializeOnLoadAttributes (System.Type[])

[Library/PackageCache/com.unity.probuilder@4.4.0/Editor/EditorCore/EditorUtility.cs line 593]

Invoked RoslynAnalysisRunner static constructor.
RoslynAnalysisRunner will not be running.
RoslynAnalysisRunner has terminated.
Mono: successfully reloaded assembly
- Completed reload, in  0.993 seconds
Platform modules already initialized, skipping
Refreshing native plugins compatible for Editor in 0.31 ms, found 0 plugins.
Preloading 0 native plugins for Editor in 0.00 ms.
Unloading 1614 Unused Serialized files (Serialized files now loaded: 0)
System memory in use before: 81.6 MB.
System memory in use after: 81.7 MB.

Unloading 5 unused Assets to reduce memory usage. Loaded Objects now: 2136.
Total: 2.461200 ms (FindLiveObjects: 0.350000 ms CreateObjectMapping: 0.102100 ms MarkObjects: 1.892900 ms  DeleteObjects: 0.114600 ms)

========================================================================
Received Prepare
Registering precompiled user dll's ...
Registered in 0.000954 seconds.
Begin MonoManager ReloadAssembly
Native extension for WindowsStandalone target not found
Refreshing native plugins compatible for Editor in 0.36 ms, found 0 plugins.
Preloading 0 native plugins for Editor in 0.00 ms.
Warning: Annotation not found!
UnityEngine.StackTraceUtility:ExtractStackTrace ()
UnityEditor.ProBuilder.EditorUtility:SetGizmoIconEnabled (System.Type,bool) (at Library/PackageCache/com.unity.probuilder@4.4.0/Editor/EditorCore/EditorUtility.cs:593)
UnityEditor.ProBuilder.HierarchyListener:.cctor () (at Library/PackageCache/com.unity.probuilder@4.4.0/Editor/EditorCore/HierarchyListener.cs:21)
System.Runtime.CompilerServices.RuntimeHelpers:RunClassConstructor (System.RuntimeTypeHandle)
UnityEditor.EditorAssemblies:ProcessInitializeOnLoadAttributes (System.Type[])

[Library/PackageCache/com.unity.probuilder@4.4.0/Editor/EditorCore/EditorUtility.cs line 593]

Invoked RoslynAnalysisRunner static constructor.
RoslynAnalysisRunner will not be running.
RoslynAnalysisRunner has terminated.
Mono: successfully reloaded assembly
- Completed reload, in  1.028 seconds
Platform modules already initialized, skipping
Refreshing native plugins compatible for Editor in 0.56 ms, found 0 plugins.
Preloading 0 native plugins for Editor in 0.00 ms.
Unloading 1614 Unused Serialized files (Serialized files now loaded: 0)
System memory in use before: 81.7 MB.
System memory in use after: 81.7 MB.

Unloading 5 unused Assets to reduce memory usage. Loaded Objects now: 2138.
Total: 3.612300 ms (FindLiveObjects: 0.252100 ms CreateObjectMapping: 0.069400 ms MarkObjects: 3.067600 ms  DeleteObjects: 0.221600 ms)

========================================================================
Received Prepare
Registering precompiled user dll's ...
Registered in 0.002212 seconds.
Begin MonoManager ReloadAssembly
Native extension for WindowsStandalone target not found
Refreshing native plugins compatible for Editor in 0.33 ms, found 0 plugins.
Preloading 0 native plugins for Editor in 0.00 ms.
Warning: Annotation not found!
UnityEngine.StackTraceUtility:ExtractStackTrace ()
UnityEditor.ProBuilder.EditorUtility:SetGizmoIconEnabled (System.Type,bool) (at Library/PackageCache/com.unity.probuilder@4.4.0/Editor/EditorCore/EditorUtility.cs:593)
UnityEditor.ProBuilder.HierarchyListener:.cctor () (at Library/PackageCache/com.unity.probuilder@4.4.0/Editor/EditorCore/HierarchyListener.cs:21)
System.Runtime.CompilerServices.RuntimeHelpers:RunClassConstructor (System.RuntimeTypeHandle)
UnityEditor.EditorAssemblies:ProcessInitializeOnLoadAttributes (System.Type[])

[Library/PackageCache/com.unity.probuilder@4.4.0/Editor/EditorCore/EditorUtility.cs line 593]

Invoked RoslynAnalysisRunner static constructor.
RoslynAnalysisRunner will not be running.
RoslynAnalysisRunner has terminated.
Mono: successfully reloaded assembly
- Completed reload, in  0.931 seconds
Platform modules already initialized, skipping
Refreshing native plugins compatible for Editor in 0.31 ms, found 0 plugins.
Preloading 0 native plugins for Editor in 0.00 ms.
Unloading 1614 Unused Serialized files (Serialized files now loaded: 0)
System memory in use before: 81.7 MB.
System memory in use after: 81.8 MB.

Unloading 5 unused Assets to reduce memory usage. Loaded Objects now: 2140.
Total: 2.474500 ms (FindLiveObjects: 0.292800 ms CreateObjectMapping: 0.075800 ms MarkObjects: 1.983100 ms  DeleteObjects: 0.121400 ms)

========================================================================
Received Prepare
Refreshing native plugins compatible for Editor in 0.84 ms, found 0 plugins.
Preloading 0 native plugins for Editor in 0.00 ms.
Unloading 3 Unused Serialized files (Serialized files now loaded: 0)
System memory in use before: 49.8 MB.
System memory in use after: 49.9 MB.

Unloading 3 unused Assets to reduce memory usage. Loaded Objects now: 2140.
Total: 2.190400 ms (FindLiveObjects: 0.306500 ms CreateObjectMapping: 0.068200 ms MarkObjects: 1.684100 ms  DeleteObjects: 0.128900 ms)

========================================================================
Received Prepare
Registering precompiled user dll's ...
Registered in 0.000765 seconds.
Begin MonoManager ReloadAssembly
Native extension for WindowsStandalone target not found
Refreshing native plugins compatible for Editor in 0.31 ms, found 0 plugins.
Preloading 0 native plugins for Editor in 0.00 ms.
Warning: Annotation not found!
UnityEngine.StackTraceUtility:ExtractStackTrace ()
UnityEditor.ProBuilder.EditorUtility:SetGizmoIconEnabled (System.Type,bool) (at Library/PackageCache/com.unity.probuilder@4.4.0/Editor/EditorCore/EditorUtility.cs:593)
UnityEditor.ProBuilder.HierarchyListener:.cctor () (at Library/PackageCache/com.unity.probuilder@4.4.0/Editor/EditorCore/HierarchyListener.cs:21)
System.Runtime.CompilerServices.RuntimeHelpers:RunClassConstructor (System.RuntimeTypeHandle)
UnityEditor.EditorAssemblies:ProcessInitializeOnLoadAttributes (System.Type[])

[Library/PackageCache/com.unity.probuilder@4.4.0/Editor/EditorCore/EditorUtility.cs line 593]

Invoked RoslynAnalysisRunner static constructor.
RoslynAnalysisRunner will not be running.
RoslynAnalysisRunner has terminated.
Mono: successfully reloaded assembly
- Completed reload, in  0.819 seconds
Platform modules already initialized, skipping
Refreshing native plugins compatible for Editor in 0.30 ms, found 0 plugins.
Preloading 0 native plugins for Editor in 0.00 ms.
Unloading 1614 Unused Serialized files (Serialized files now loaded: 0)
System memory in use before: 81.7 MB.
System memory in use after: 81.8 MB.

Unloading 5 unused Assets to reduce memory usage. Loaded Objects now: 2142.
Total: 2.416100 ms (FindLiveObjects: 0.308500 ms CreateObjectMapping: 0.117700 ms MarkObjects: 1.861500 ms  DeleteObjects: 0.126900 ms)

========================================================================
Received Prepare
Refreshing native plugins compatible for Editor in 0.75 ms, found 0 plugins.
Preloading 0 native plugins for Editor in 0.00 ms.
Unloading 3 Unused Serialized files (Serialized files now loaded: 0)
System memory in use before: 49.8 MB.
System memory in use after: 49.9 MB.

Unloading 3 unused Assets to reduce memory usage. Loaded Objects now: 2142.
Total: 5.188700 ms (FindLiveObjects: 0.476700 ms CreateObjectMapping: 0.104800 ms MarkObjects: 4.335200 ms  DeleteObjects: 0.270500 ms)

========================================================================
Received Prepare
Refreshing native plugins compatible for Editor in 0.78 ms, found 0 plugins.
Preloading 0 native plugins for Editor in 0.00 ms.
Unloading 3 Unused Serialized files (Serialized files now loaded: 0)
System memory in use before: 49.8 MB.
System memory in use after: 49.9 MB.

Unloading 3 unused Assets to reduce memory usage. Loaded Objects now: 2142.
Total: 2.721200 ms (FindLiveObjects: 0.241400 ms CreateObjectMapping: 0.085400 ms MarkObjects: 2.217800 ms  DeleteObjects: 0.175100 ms)

========================================================================
Received Import Request.
  Time since last request: 12586.052916 seconds.
  path: Assets/Shaders/Transparent Shader.shadervariants
  artifactKey: Guid(d4dd16d6d8de4684a8773fa59ea80d47) Importer(815301076,1909f56bfc062723c751e8b465ee728b)
Start importing Assets/Shaders/Transparent Shader.shadervariants using Guid(d4dd16d6d8de4684a8773fa59ea80d47) Importer(815301076,1909f56bfc062723c751e8b465ee728b)  -> (artifact id: '80f4fbfc0d72faa8114a33a208d5a512') in 0.023229 seconds
  Import took 0.026479 seconds .

========================================================================
Received Prepare
Refreshing native plugins compatible for Editor in 1.38 ms, found 0 plugins.
Preloading 0 native plugins for Editor in 0.00 ms.
Unloading 3 Unused Serialized files (Serialized files now loaded: 0)
System memory in use before: 49.8 MB.
System memory in use after: 49.9 MB.

Unloading 3 unused Assets to reduce memory usage. Loaded Objects now: 2142.
Total: 1.991800 ms (FindLiveObjects: 0.226800 ms CreateObjectMapping: 0.072900 ms MarkObjects: 1.578300 ms  DeleteObjects: 0.112300 ms)

========================================================================
Received Prepare
Registering precompiled user dll's ...
Registered in 0.000741 seconds.
Begin MonoManager ReloadAssembly
Native extension for WindowsStandalone target not found
Refreshing native plugins compatible for Editor in 0.58 ms, found 0 plugins.
Preloading 0 native plugins for Editor in 0.00 ms.
Warning: Annotation not found!
UnityEngine.StackTraceUtility:ExtractStackTrace ()
UnityEditor.ProBuilder.EditorUtility:SetGizmoIconEnabled (System.Type,bool) (at Library/PackageCache/com.unity.probuilder@4.4.0/Editor/EditorCore/EditorUtility.cs:593)
UnityEditor.ProBuilder.HierarchyListener:.cctor () (at Library/PackageCache/com.unity.probuilder@4.4.0/Editor/EditorCore/HierarchyListener.cs:21)
System.Runtime.CompilerServices.RuntimeHelpers:RunClassConstructor (System.RuntimeTypeHandle)
UnityEditor.EditorAssemblies:ProcessInitializeOnLoadAttributes (System.Type[])

[Library/PackageCache/com.unity.probuilder@4.4.0/Editor/EditorCore/EditorUtility.cs line 593]

Invoked RoslynAnalysisRunner static constructor.
RoslynAnalysisRunner will not be running.
RoslynAnalysisRunner has terminated.
Mono: successfully reloaded assembly
- Completed reload, in  2.020 seconds
Platform modules already initialized, skipping
Refreshing native plugins compatible for Editor in 0.33 ms, found 0 plugins.
Preloading 0 native plugins for Editor in 0.00 ms.
Unloading 1614 Unused Serialized files (Serialized files now loaded: 0)
System memory in use before: 81.7 MB.
System memory in use after: 81.8 MB.

Unloading 5 unused Assets to reduce memory usage. Loaded Objects now: 2144.
Total: 2.776200 ms (FindLiveObjects: 0.309300 ms CreateObjectMapping: 0.070800 ms MarkObjects: 2.241300 ms  DeleteObjects: 0.152900 ms)

========================================================================
Received Prepare
Refreshing native plugins compatible for Editor in 0.72 ms, found 0 plugins.
Preloading 0 native plugins for Editor in 0.00 ms.
Unloading 3 Unused Serialized files (Serialized files now loaded: 0)
System memory in use before: 49.8 MB.
System memory in use after: 49.9 MB.

Unloading 3 unused Assets to reduce memory usage. Loaded Objects now: 2144.
Total: 2.610500 ms (FindLiveObjects: 0.258600 ms CreateObjectMapping: 0.098300 ms MarkObjects: 2.123500 ms  DeleteObjects: 0.128300 ms)

========================================================================
Received Prepare
Refreshing native plugins compatible for Editor in 0.74 ms, found 0 plugins.
Preloading 0 native plugins for Editor in 0.00 ms.
Unloading 3 Unused Serialized files (Serialized files now loaded: 0)
System memory in use before: 49.8 MB.
System memory in use after: 49.9 MB.

Unloading 3 unused Assets to reduce memory usage. Loaded Objects now: 2144.
Total: 2.497400 ms (FindLiveObjects: 0.208800 ms CreateObjectMapping: 0.072100 ms MarkObjects: 2.086800 ms  DeleteObjects: 0.128900 ms)

========================================================================
Received Prepare
Refreshing native plugins compatible for Editor in 0.78 ms, found 0 plugins.
Preloading 0 native plugins for Editor in 0.00 ms.
Unloading 3 Unused Serialized files (Serialized files now loaded: 0)
System memory in use before: 49.9 MB.
System memory in use after: 50.0 MB.

Unloading 3 unused Assets to reduce memory usage. Loaded Objects now: 2144.
Total: 1.884500 ms (FindLiveObjects: 0.160300 ms CreateObjectMapping: 0.056100 ms MarkObjects: 1.559800 ms  DeleteObjects: 0.107500 ms)

========================================================================
Received Import Request.
  Time since last request: 608.393448 seconds.
  path: Assets/Shaders/Transparent Shader.shadervariants
  artifactKey: Guid(d4dd16d6d8de4684a8773fa59ea80d47) Importer(815301076,1909f56bfc062723c751e8b465ee728b)
Start importing Assets/Shaders/Transparent Shader.shadervariants using Guid(d4dd16d6d8de4684a8773fa59ea80d47) Importer(815301076,1909f56bfc062723c751e8b465ee728b)  -> (artifact id: '1b8de0731b81331ad006859185cefa54') in 0.012841 seconds
  Import took 0.015607 seconds .

========================================================================
Received Prepare
Refreshing native plugins compatible for Editor in 0.97 ms, found 0 plugins.
Preloading 0 native plugins for Editor in 0.00 ms.
Unloading 3 Unused Serialized files (Serialized files now loaded: 0)
System memory in use before: 49.9 MB.
System memory in use after: 50.0 MB.

Unloading 3 unused Assets to reduce memory usage. Loaded Objects now: 2144.
Total: 2.720700 ms (FindLiveObjects: 0.243800 ms CreateObjectMapping: 0.079000 ms MarkObjects: 2.279900 ms  DeleteObjects: 0.116800 ms)

========================================================================
Received Prepare
Refreshing native plugins compatible for Editor in 0.78 ms, found 0 plugins.
Preloading 0 native plugins for Editor in 0.00 ms.
Unloading 3 Unused Serialized files (Serialized files now loaded: 0)
System memory in use before: 49.9 MB.
System memory in use after: 50.0 MB.

Unloading 3 unused Assets to reduce memory usage. Loaded Objects now: 2144.
Total: 2.765600 ms (FindLiveObjects: 0.347300 ms CreateObjectMapping: 0.099700 ms MarkObjects: 2.151000 ms  DeleteObjects: 0.165100 ms)

========================================================================
Received Prepare
Refreshing native plugins compatible for Editor in 0.71 ms, found 0 plugins.
Preloading 0 native plugins for Editor in 0.00 ms.
Unloading 3 Unused Serialized files (Serialized files now loaded: 0)
System memory in use before: 49.9 MB.
System memory in use after: 50.0 MB.

Unloading 3 unused Assets to reduce memory usage. Loaded Objects now: 2144.
Total: 2.389800 ms (FindLiveObjects: 0.206400 ms CreateObjectMapping: 0.067500 ms MarkObjects: 1.971500 ms  DeleteObjects: 0.143300 ms)

========================================================================
Received Import Request.
  Time since last request: 734.963371 seconds.
  path: Assets/Scripts/Utils/HumanoidController.cs
  artifactKey: Guid(01dfdb0f677e4564f92961669eda4699) Importer(815301076,1909f56bfc062723c751e8b465ee728b)
Start importing Assets/Scripts/Utils/HumanoidController.cs using Guid(01dfdb0f677e4564f92961669eda4699) Importer(815301076,1909f56bfc062723c751e8b465ee728b)  -> (artifact id: '065c4b167a0fcbbf4c26ca1970c38c76') in 0.007502 seconds
  Import took 0.010515 seconds .

========================================================================
Received Import Request.
  Time since last request: 12.956033 seconds.
  path: Assets/Sahders
  artifactKey: Guid(4cbb83fcb1450cb4394bc82047f04b4e) Importer(815301076,1909f56bfc062723c751e8b465ee728b)
Start importing Assets/Sahders using Guid(4cbb83fcb1450cb4394bc82047f04b4e) Importer(815301076,1909f56bfc062723c751e8b465ee728b)  -> (artifact id: '7e5eb0ab9cf8a75cc2ecf179db711815') in 0.007210 seconds
  Import took 0.009698 seconds .

========================================================================
Received Import Request.
  Time since last request: 0.000905 seconds.
  path: Assets/Sahders
  artifactKey: Guid(4cbb83fcb1450cb4394bc82047f04b4e) Importer(815301076,1909f56bfc062723c751e8b465ee728b)
Start importing Assets/Sahders using Guid(4cbb83fcb1450cb4394bc82047f04b4e) Importer(815301076,1909f56bfc062723c751e8b465ee728b)  -> (artifact id: '7e5eb0ab9cf8a75cc2ecf179db711815') in 0.002706 seconds
  Import took 0.005398 seconds .

========================================================================
Received Import Request.
  Time since last request: 6.195836 seconds.
  path: Assets/Shaders
  artifactKey: Guid(4cbb83fcb1450cb4394bc82047f04b4e) Importer(815301076,1909f56bfc062723c751e8b465ee728b)
Start importing Assets/Shaders using Guid(4cbb83fcb1450cb4394bc82047f04b4e) Importer(815301076,1909f56bfc062723c751e8b465ee728b)  -> (artifact id: '20bed509b0538ac07d95c753502888b8') in 0.005702 seconds
  Import took 0.008244 seconds .

========================================================================
Received Import Request.
  Time since last request: 18.092742 seconds.
  path: Assets/Shaders/Transparent Shader.shadervariants
  artifactKey: Guid(d4dd16d6d8de4684a8773fa59ea80d47) Importer(815301076,1909f56bfc062723c751e8b465ee728b)
Start importing Assets/Shaders/Transparent Shader.shadervariants using Guid(d4dd16d6d8de4684a8773fa59ea80d47) Importer(815301076,1909f56bfc062723c751e8b465ee728b)  -> (artifact id: '5dc7a61dd6ef702b980c243403c22a09') in 0.012126 seconds
  Import took 0.015439 seconds .

========================================================================
Received Prepare
Refreshing native plugins compatible for Editor in 0.90 ms, found 0 plugins.
Preloading 0 native plugins for Editor in 0.00 ms.
Unloading 3 Unused Serialized files (Serialized files now loaded: 0)
System memory in use before: 49.9 MB.
System memory in use after: 50.0 MB.

Unloading 3 unused Assets to reduce memory usage. Loaded Objects now: 2144.
Total: 2.635900 ms (FindLiveObjects: 0.292300 ms CreateObjectMapping: 0.110000 ms MarkObjects: 2.109700 ms  DeleteObjects: 0.123000 ms)

========================================================================
Received Import Request.
  Time since last request: 116.558101 seconds.
  path: Assets/Shaders/Transparent Shader.shadervariants
  artifactKey: Guid(d4dd16d6d8de4684a8773fa59ea80d47) Importer(815301076,1909f56bfc062723c751e8b465ee728b)
Start importing Assets/Shaders/Transparent Shader.shadervariants using Guid(d4dd16d6d8de4684a8773fa59ea80d47) Importer(815301076,1909f56bfc062723c751e8b465ee728b)  -> (artifact id: 'f6903efb7ca301bd6dceb3661d5bcafd') in 0.008520 seconds
  Import took 0.011719 seconds .

========================================================================
Received Import Request.
  Time since last request: 0.000889 seconds.
  path: Assets/Shaders/Transparent Shader.shadervariants
  artifactKey: Guid(d4dd16d6d8de4684a8773fa59ea80d47) Importer(815301076,1909f56bfc062723c751e8b465ee728b)
Start importing Assets/Shaders/Transparent Shader.shadervariants using Guid(d4dd16d6d8de4684a8773fa59ea80d47) Importer(815301076,1909f56bfc062723c751e8b465ee728b)  -> (artifact id: 'f6903efb7ca301bd6dceb3661d5bcafd') in 0.002729 seconds
  Import took 0.005364 seconds .

========================================================================
Received Import Request.
  Time since last request: 18.020306 seconds.
  path: Assets/Shaders/Transparent Shader.shadervariants
  artifactKey: Guid(d4dd16d6d8de4684a8773fa59ea80d47) Importer(815301076,1909f56bfc062723c751e8b465ee728b)
Start importing Assets/Shaders/Transparent Shader.shadervariants using Guid(d4dd16d6d8de4684a8773fa59ea80d47) Importer(815301076,1909f56bfc062723c751e8b465ee728b)  -> (artifact id: 'bd0e90f78f8ed931ccb748c19196adcb') in 0.003285 seconds
  Import took 0.006110 seconds .

========================================================================
Received Prepare
Refreshing native plugins compatible for Editor in 0.71 ms, found 0 plugins.
Preloading 0 native plugins for Editor in 0.00 ms.
Unloading 3 Unused Serialized files (Serialized files now loaded: 0)
System memory in use before: 49.9 MB.
System memory in use after: 50.0 MB.

Unloading 3 unused Assets to reduce memory usage. Loaded Objects now: 2144.
Total: 2.518900 ms (FindLiveObjects: 0.367200 ms CreateObjectMapping: 0.078300 ms MarkObjects: 1.951100 ms  DeleteObjects: 0.120000 ms)

========================================================================
Received Prepare
Registering precompiled user dll's ...
Registered in 0.000733 seconds.
Begin MonoManager ReloadAssembly
Native extension for WindowsStandalone target not found
Refreshing native plugins compatible for Editor in 0.29 ms, found 0 plugins.
Preloading 0 native plugins for Editor in 0.00 ms.
Warning: Annotation not found!
UnityEngine.StackTraceUtility:ExtractStackTrace ()
UnityEditor.ProBuilder.EditorUtility:SetGizmoIconEnabled (System.Type,bool) (at Library/PackageCache/com.unity.probuilder@4.4.0/Editor/EditorCore/EditorUtility.cs:593)
UnityEditor.ProBuilder.HierarchyListener:.cctor () (at Library/PackageCache/com.unity.probuilder@4.4.0/Editor/EditorCore/HierarchyListener.cs:21)
System.Runtime.CompilerServices.RuntimeHelpers:RunClassConstructor (System.RuntimeTypeHandle)
UnityEditor.EditorAssemblies:ProcessInitializeOnLoadAttributes (System.Type[])

[Library/PackageCache/com.unity.probuilder@4.4.0/Editor/EditorCore/EditorUtility.cs line 593]

Invoked RoslynAnalysisRunner static constructor.
RoslynAnalysisRunner will not be running.
RoslynAnalysisRunner has terminated.
Mono: successfully reloaded assembly
- Completed reload, in  0.686 seconds
Platform modules already initialized, skipping
Refreshing native plugins compatible for Editor in 0.28 ms, found 0 plugins.
Preloading 0 native plugins for Editor in 0.00 ms.
Unloading 1614 Unused Serialized files (Serialized files now loaded: 0)
System memory in use before: 81.8 MB.
System memory in use after: 81.8 MB.

Unloading 5 unused Assets to reduce memory usage. Loaded Objects now: 2146.
Total: 2.607500 ms (FindLiveObjects: 0.363000 ms CreateObjectMapping: 0.072400 ms MarkObjects: 2.045900 ms  DeleteObjects: 0.125000 ms)

========================================================================
Received Prepare
Registering precompiled user dll's ...
Registered in 0.000879 seconds.
Begin MonoManager ReloadAssembly
Native extension for WindowsStandalone target not found
Refreshing native plugins compatible for Editor in 0.28 ms, found 0 plugins.
Preloading 0 native plugins for Editor in 0.00 ms.
Warning: Annotation not found!
UnityEngine.StackTraceUtility:ExtractStackTrace ()
UnityEditor.ProBuilder.EditorUtility:SetGizmoIconEnabled (System.Type,bool) (at Library/PackageCache/com.unity.probuilder@4.4.0/Editor/EditorCore/EditorUtility.cs:593)
UnityEditor.ProBuilder.HierarchyListener:.cctor () (at Library/PackageCache/com.unity.probuilder@4.4.0/Editor/EditorCore/HierarchyListener.cs:21)
System.Runtime.CompilerServices.RuntimeHelpers:RunClassConstructor (System.RuntimeTypeHandle)
UnityEditor.EditorAssemblies:ProcessInitializeOnLoadAttributes (System.Type[])

[Library/PackageCache/com.unity.probuilder@4.4.0/Editor/EditorCore/EditorUtility.cs line 593]

Invoked RoslynAnalysisRunner static constructor.
RoslynAnalysisRunner will not be running.
RoslynAnalysisRunner has terminated.
Mono: successfully reloaded assembly
- Completed reload, in  0.727 seconds
Platform modules already initialized, skipping
Refreshing native plugins compatible for Editor in 0.29 ms, found 0 plugins.
Preloading 0 native plugins for Editor in 0.00 ms.
Unloading 1614 Unused Serialized files (Serialized files now loaded: 0)
System memory in use before: 81.8 MB.
System memory in use after: 81.8 MB.

Unloading 5 unused Assets to reduce memory usage. Loaded Objects now: 2148.
Total: 1.843400 ms (FindLiveObjects: 0.160600 ms CreateObjectMapping: 0.053100 ms MarkObjects: 1.515000 ms  DeleteObjects: 0.113800 ms)

========================================================================
Received Prepare
Refreshing native plugins compatible for Editor in 0.78 ms, found 0 plugins.
Preloading 0 native plugins for Editor in 0.00 ms.
Unloading 3 Unused Serialized files (Serialized files now loaded: 0)
System memory in use before: 49.9 MB.
System memory in use after: 50.0 MB.

Unloading 3 unused Assets to reduce memory usage. Loaded Objects now: 2148.
Total: 3.246600 ms (FindLiveObjects: 0.248700 ms CreateObjectMapping: 0.099900 ms MarkObjects: 2.729900 ms  DeleteObjects: 0.166300 ms)

========================================================================
Received Prepare
Registering precompiled user dll's ...
Registered in 0.000732 seconds.
Begin MonoManager ReloadAssembly
Native extension for WindowsStandalone target not found
Refreshing native plugins compatible for Editor in 0.29 ms, found 0 plugins.
Preloading 0 native plugins for Editor in 0.00 ms.
Warning: Annotation not found!
UnityEngine.StackTraceUtility:ExtractStackTrace ()
UnityEditor.ProBuilder.EditorUtility:SetGizmoIconEnabled (System.Type,bool) (at Library/PackageCache/com.unity.probuilder@4.4.0/Editor/EditorCore/EditorUtility.cs:593)
UnityEditor.ProBuilder.HierarchyListener:.cctor () (at Library/PackageCache/com.unity.probuilder@4.4.0/Editor/EditorCore/HierarchyListener.cs:21)
System.Runtime.CompilerServices.RuntimeHelpers:RunClassConstructor (System.RuntimeTypeHandle)
UnityEditor.EditorAssemblies:ProcessInitializeOnLoadAttributes (System.Type[])

[Library/PackageCache/com.unity.probuilder@4.4.0/Editor/EditorCore/EditorUtility.cs line 593]

Invoked RoslynAnalysisRunner static constructor.
RoslynAnalysisRunner will not be running.
RoslynAnalysisRunner has terminated.
Mono: successfully reloaded assembly
- Completed reload, in  0.719 seconds
Platform modules already initialized, skipping
Refreshing native plugins compatible for Editor in 0.28 ms, found 0 plugins.
Preloading 0 native plugins for Editor in 0.00 ms.
Unloading 1614 Unused Serialized files (Serialized files now loaded: 0)
System memory in use before: 81.8 MB.
System memory in use after: 81.9 MB.

Unloading 5 unused Assets to reduce memory usage. Loaded Objects now: 2150.
Total: 2.124100 ms (FindLiveObjects: 0.159500 ms CreateObjectMapping: 0.056200 ms MarkObjects: 1.798100 ms  DeleteObjects: 0.109500 ms)

========================================================================
Received Prepare
Refreshing native plugins compatible for Editor in 0.76 ms, found 0 plugins.
Preloading 0 native plugins for Editor in 0.00 ms.
Unloading 3 Unused Serialized files (Serialized files now loaded: 0)
System memory in use before: 49.9 MB.
System memory in use after: 50.0 MB.

Unloading 3 unused Assets to reduce memory usage. Loaded Objects now: 2150.
Total: 3.086800 ms (FindLiveObjects: 0.391200 ms CreateObjectMapping: 0.124900 ms MarkObjects: 2.426200 ms  DeleteObjects: 0.142400 ms)

========================================================================
Received Prepare
Refreshing native plugins compatible for Editor in 0.83 ms, found 0 plugins.
Preloading 0 native plugins for Editor in 0.00 ms.
Unloading 3 Unused Serialized files (Serialized files now loaded: 0)
System memory in use before: 49.9 MB.
System memory in use after: 50.0 MB.

Unloading 3 unused Assets to reduce memory usage. Loaded Objects now: 2150.
Total: 3.351200 ms (FindLiveObjects: 0.285000 ms CreateObjectMapping: 0.111200 ms MarkObjects: 2.796200 ms  DeleteObjects: 0.156400 ms)

========================================================================
Received Import Request.
  Time since last request: 1191.395763 seconds.
  path: Assets/Prefabs/PegBox.prefab
  artifactKey: Guid(990a0574664de964e9fef5dcedf33bd9) Importer(815301076,1909f56bfc062723c751e8b465ee728b)
Start importing Assets/Prefabs/PegBox.prefab using Guid(990a0574664de964e9fef5dcedf33bd9) Importer(815301076,1909f56bfc062723c751e8b465ee728b)  -> (artifact id: '77546609081d2e7879a964c4c0b8eec9') in 0.154244 seconds
  Import took 0.158619 seconds .

========================================================================
Received Import Request.
  Time since last request: 0.538130 seconds.
  path: Assets/Prefabs/PegBox.asset
  artifactKey: Guid(e7a4e5f419b1f034db4aaad9a3b2657a) Importer(815301076,1909f56bfc062723c751e8b465ee728b)
Start importing Assets/Prefabs/PegBox.asset using Guid(e7a4e5f419b1f034db4aaad9a3b2657a) Importer(815301076,1909f56bfc062723c751e8b465ee728b)  -> (artifact id: 'acca9fd5454e3898e82c9a4bf3906566') in 0.026945 seconds
  Import took 0.030090 seconds .

========================================================================
Received Prepare
Refreshing native plugins compatible for Editor in 0.73 ms, found 0 plugins.
Preloading 0 native plugins for Editor in 0.00 ms.
Unloading 3 Unused Serialized files (Serialized files now loaded: 0)
System memory in use before: 53.2 MB.
System memory in use after: 53.2 MB.

Unloading 3 unused Assets to reduce memory usage. Loaded Objects now: 2160.
Total: 2.116000 ms (FindLiveObjects: 0.186900 ms CreateObjectMapping: 0.133700 ms MarkObjects: 1.675100 ms  DeleteObjects: 0.119000 ms)

========================================================================
Received Prepare
Registering precompiled user dll's ...
Registered in 0.000795 seconds.
Begin MonoManager ReloadAssembly
Native extension for WindowsStandalone target not found
Refreshing native plugins compatible for Editor in 0.40 ms, found 0 plugins.
Preloading 0 native plugins for Editor in 0.00 ms.
Warning: Annotation not found!
UnityEngine.StackTraceUtility:ExtractStackTrace ()
UnityEditor.ProBuilder.EditorUtility:SetGizmoIconEnabled (System.Type,bool) (at Library/PackageCache/com.unity.probuilder@4.4.0/Editor/EditorCore/EditorUtility.cs:593)
UnityEditor.ProBuilder.HierarchyListener:.cctor () (at Library/PackageCache/com.unity.probuilder@4.4.0/Editor/EditorCore/HierarchyListener.cs:21)
System.Runtime.CompilerServices.RuntimeHelpers:RunClassConstructor (System.RuntimeTypeHandle)
UnityEditor.EditorAssemblies:ProcessInitializeOnLoadAttributes (System.Type[])

[Library/PackageCache/com.unity.probuilder@4.4.0/Editor/EditorCore/EditorUtility.cs line 593]

Invoked RoslynAnalysisRunner static constructor.
RoslynAnalysisRunner will not be running.
RoslynAnalysisRunner has terminated.
Mono: successfully reloaded assembly
- Completed reload, in  0.912 seconds
Platform modules already initialized, skipping
Refreshing native plugins compatible for Editor in 0.86 ms, found 0 plugins.
Preloading 0 native plugins for Editor in 0.00 ms.
Unloading 1614 Unused Serialized files (Serialized files now loaded: 0)
System memory in use before: 84.8 MB.
System memory in use after: 84.8 MB.

Unloading 5 unused Assets to reduce memory usage. Loaded Objects now: 2162.
Total: 2.710100 ms (FindLiveObjects: 0.308800 ms CreateObjectMapping: 0.112700 ms MarkObjects: 2.164300 ms  DeleteObjects: 0.122800 ms)

========================================================================
Received Prepare
Refreshing native plugins compatible for Editor in 0.76 ms, found 0 plugins.
Preloading 0 native plugins for Editor in 0.00 ms.
Unloading 3 Unused Serialized files (Serialized files now loaded: 0)
System memory in use before: 52.9 MB.
System memory in use after: 53.0 MB.

Unloading 3 unused Assets to reduce memory usage. Loaded Objects now: 2162.
Total: 3.629200 ms (FindLiveObjects: 0.210800 ms CreateObjectMapping: 0.074900 ms MarkObjects: 3.181400 ms  DeleteObjects: 0.160700 ms)

